<?xml version="1.0" encoding="UTF-8"?>
<!-- Generated by org.testng.reporters.JUnitXMLReporter -->
<testsuite hostname="Kalyani" ignored="4" name="Default test" tests="1" failures="0" timestamp="23 Jun 2021 06:26:02 GMT" time="4.648" errors="0">
  <testcase name="dateOfBirth" time="4.605" classname="utility.Main"/>
  <testcase name="selectMultipleCheckbox" time="0.0" classname="utility.Main">
    <ignored/>
  </testcase> <!-- selectMultipleCheckbox -->
  <testcase name="Radio" time="0.0" classname="utility.Main">
    <ignored/>
  </testcase> <!-- Radio -->
  <testcase name="addreess" time="0.0" classname="utility.Main">
    <ignored/>
  </testcase> <!-- addreess -->
  <testcase name="checkbox1" time="0.0" classname="utility.Main">
    <ignored/>
  </testcase> <!-- checkbox1 -->
</testsuite> <!-- Default test -->
