<?xml version="1.0" encoding="UTF-8"?>
<!-- Generated by org.testng.reporters.JUnitXMLReporter -->
<testsuite hostname="Kalyani" ignored="4" name="Default test" tests="1" failures="0" timestamp="31 May 2021 13:26:42 GMT" time="3.773" errors="0">
  <testcase name="testLogin" time="1.03" classname="window.ToolTip"/>
  <testcase name="testPlaceHolderEmail" time="0.0" classname="window.ToolTip">
    <ignored/>
  </testcase> <!-- testPlaceHolderEmail -->
  <testcase name="testToolTip" time="0.0" classname="window.ToolTip">
    <ignored/>
  </testcase> <!-- testToolTip -->
  <testcase name="testC" time="0.0" classname="window.ToolTip">
    <ignored/>
  </testcase> <!-- testC -->
  <testcase name="testDesign" time="0.0" classname="window.ToolTip">
    <ignored/>
  </testcase> <!-- testDesign -->
</testsuite> <!-- Default test -->
