<?xml version="1.0" encoding="UTF-8"?>
<testng-results skipped="0" failed="0" ignored="0" total="1" passed="1">
  <reporter-output>
  </reporter-output>
  <suite name="Default suite" duration-ms="838" started-at="2021-07-22T14:21:06Z" finished-at="2021-07-22T14:21:07Z">
    <groups>
    </groups>
    <test name="Default test" duration-ms="838" started-at="2021-07-22T14:21:06Z" finished-at="2021-07-22T14:21:07Z">
      <class name="window.Win4">
        <test-method status="PASS" signature="setup()[pri:0, instance:window.Win4@2ef5e5e3]" name="setup" is-config="true" duration-ms="5312" started-at="2021-07-22T19:51:01Z" finished-at="2021-07-22T19:51:06Z">
          <reporter-output>
          </reporter-output>
        </test-method> <!-- setup -->
        <test-method status="PASS" signature="testWindows()[pri:0, instance:window.Win4@2ef5e5e3]" name="testWindows" duration-ms="796" started-at="2021-07-22T19:51:06Z" finished-at="2021-07-22T19:51:07Z">
          <reporter-output>
          </reporter-output>
        </test-method> <!-- testWindows -->
      </class> <!-- window.Win4 -->
    </test> <!-- Default test -->
  </suite> <!-- Default suite -->
</testng-results>
